Using pre-set license
Built from '2020.3/china_unity/release' branch; Version is '2021.3.41f1c1 (abf9ed549ceb) revision 11270637'; Using compiler version '192829333'; Build Type 'Release'
OS: 'Windows 10  (10.0.19043) 64bit Professional' Language: 'zh' Physical Memory: 65440 MB
BatchMode: 1, IsHumanControllingUs: 0, StartBugReporterOnCrash: 0, Is64bit: 1, IsPro: 1

COMMAND LINE ARGUMENTS:
D:\Unity Hub\Editor\2021.3.41f1c1\Editor\Unity.exe
-adb2
-batchMode
-noUpm
-name
AssetImportWorker0
-projectPath
D:/UnityProject/DunkFallBall/DunkFallBall
-logFile
Logs/AssetImportWorker0.log
-srvPort
55844
Successfully changed project path to: D:/UnityProject/DunkFallBall/DunkFallBall
D:/UnityProject/DunkFallBall/DunkFallBall
[UnityMemory] Configuration Parameters - Can be set up in boot.config
    "memorysetup-bucket-allocator-granularity=16"
    "memorysetup-bucket-allocator-bucket-count=8"
    "memorysetup-bucket-allocator-block-size=33554432"
    "memorysetup-bucket-allocator-block-count=8"
    "memorysetup-main-allocator-block-size=16777216"
    "memorysetup-thread-allocator-block-size=16777216"
    "memorysetup-gfx-main-allocator-block-size=16777216"
    "memorysetup-gfx-thread-allocator-block-size=16777216"
    "memorysetup-cache-allocator-block-size=4194304"
    "memorysetup-typetree-allocator-block-size=2097152"
    "memorysetup-profiler-bucket-allocator-granularity=16"
    "memorysetup-profiler-bucket-allocator-bucket-count=8"
    "memorysetup-profiler-bucket-allocator-block-size=33554432"
    "memorysetup-profiler-bucket-allocator-block-count=8"
    "memorysetup-profiler-allocator-block-size=16777216"
    "memorysetup-profiler-editor-allocator-block-size=1048576"
    "memorysetup-temp-allocator-size-main=16777216"
    "memorysetup-job-temp-allocator-block-size=2097152"
    "memorysetup-job-temp-allocator-block-size-background=1048576"
    "memorysetup-job-temp-allocator-reduction-small-platforms=262144"
    "memorysetup-temp-allocator-size-background-worker=32768"
    "memorysetup-temp-allocator-size-job-worker=262144"
    "memorysetup-temp-allocator-size-preload-manager=33554432"
    "memorysetup-temp-allocator-size-nav-mesh-worker=65536"
    "memorysetup-temp-allocator-size-audio-worker=65536"
    "memorysetup-temp-allocator-size-cloud-worker=32768"
    "memorysetup-temp-allocator-size-gi-baking-worker=262144"
    "memorysetup-temp-allocator-size-gfx=262144"
Player connection [33324] Host "[IP] 192.168.31.204 [Port] 0 [Flags] 2 [Guid] 880672356 [EditorId] 880672356 [Version] 1048832 [Id] WindowsEditor(7,BF-202501021008) [Debug] 1 [PackageName] WindowsEditor [ProjectName] Editor" joined multi-casting on [225.0.0.222:54997]...

Player connection [33324] Host "[IP] 192.168.31.204 [Port] 0 [Flags] 2 [Guid] 880672356 [EditorId] 880672356 [Version] 1048832 [Id] WindowsEditor(7,BF-202501021008) [Debug] 1 [PackageName] WindowsEditor [ProjectName] Editor" joined alternative multi-casting on [225.0.0.222:34997]...

AS: AutoStreaming module initializing.
[Physics::Module] Initialized MultithreadedJobDispatcher with {0} workers.
Refreshing native plugins compatible for Editor in 65.09 ms, found 3 plugins.
Preloading 0 native plugins for Editor in 0.00 ms.
Initialize engine version: 2021.3.41f1c1 (abf9ed549ceb)
[Subsystems] Discovering subsystems at path D:/Unity Hub/Editor/2021.3.41f1c1/Editor/Data/Resources/UnitySubsystems
[Subsystems] Discovering subsystems at path D:/UnityProject/DunkFallBall/DunkFallBall/Assets
GfxDevice: creating device client; threaded=0; jobified=0
Direct3D:
    Version:  Direct3D 11.0 [level 11.1]
    Renderer: NVIDIA GeForce GTX 1050 (ID=0x1c8d)
    Vendor:   NVIDIA
    VRAM:     4004 MB
    Driver:   32.0.15.6636
Initialize mono
Mono path[0] = 'D:/Unity Hub/Editor/2021.3.41f1c1/Editor/Data/Managed'
Mono path[1] = 'D:/Unity Hub/Editor/2021.3.41f1c1/Editor/Data/MonoBleedingEdge/lib/mono/unityjit-win32'
Mono config path = 'D:/Unity Hub/Editor/2021.3.41f1c1/Editor/Data/MonoBleedingEdge/etc'
Using monoOptions --debugger-agent=transport=dt_socket,embedding=1,server=y,suspend=n,address=127.0.0.1:56776
Begin MonoManager ReloadAssembly
Registering precompiled unity dll's ...
Register platform support module: D:/Unity Hub/Editor/2021.3.41f1c1/Editor/Data/PlaybackEngines/WebGLSupport/UnityEditor.WebGL.Extensions.dll
Register platform support module: D:/Unity Hub/Editor/2021.3.41f1c1/Editor/Data/PlaybackEngines/WindowsStandaloneSupport/UnityEditor.WindowsStandalone.Extensions.dll
Registered in 0.005000 seconds.
Native extension for WindowsStandalone target not found
Native extension for WebGL target not found
Refreshing native plugins compatible for Editor in 64.95 ms, found 3 plugins.
Preloading 0 native plugins for Editor in 0.00 ms.
Mono: successfully reloaded assembly
- Completed reload, in  0.950 seconds
Domain Reload Profiling:
	ReloadAssembly (951ms)
		BeginReloadAssembly (147ms)
			ExecutionOrderSort (0ms)
			DisableScriptedObjects (0ms)
			BackupInstance (0ms)
			ReleaseScriptingObjects (0ms)
			CreateAndSetChildDomain (1ms)
		EndReloadAssembly (650ms)
			LoadAssemblies (146ms)
			RebuildTransferFunctionScriptingTraits (0ms)
			SetupTypeCache (164ms)
			ReleaseScriptCaches (0ms)
			RebuildScriptCaches (55ms)
			SetupLoadedEditorAssemblies (370ms)
				LogAssemblyErrors (0ms)
				InitializePlatformSupportModulesInManaged (11ms)
				SetLoadedEditorAssemblies (1ms)
				RefreshPlugins (65ms)
				BeforeProcessingInitializeOnLoad (2ms)
				ProcessInitializeOnLoadAttributes (216ms)
				ProcessInitializeOnLoadMethodAttributes (75ms)
				AfterProcessingInitializeOnLoad (0ms)
				EditorAssembliesLoaded (0ms)
			ExecutionOrderSort2 (0ms)
			AwakeInstancesAfterBackupRestoration (0ms)
Platform modules already initialized, skipping
Registering precompiled user dll's ...
Registered in 0.008751 seconds.
Begin MonoManager ReloadAssembly
Native extension for WindowsStandalone target not found
Native extension for WebGL target not found
Refreshing native plugins compatible for Editor in 0.70 ms, found 3 plugins.
Preloading 0 native plugins for Editor in 0.00 ms.
Package Manager log level set to [2]
[Package Manager] Server::EnsureServerProcessIsRunning -- launch failed, reason: Unity was launched with the -noUpm command-line argument
[Package Manager] Cannot connect to Unity Package Manager local server
Mono: successfully reloaded assembly
- Completed reload, in  1.968 seconds
Domain Reload Profiling:
	ReloadAssembly (1970ms)
		BeginReloadAssembly (187ms)
			ExecutionOrderSort (0ms)
			DisableScriptedObjects (10ms)
			BackupInstance (0ms)
			ReleaseScriptingObjects (0ms)
			CreateAndSetChildDomain (33ms)
		EndReloadAssembly (1632ms)
			LoadAssemblies (130ms)
			RebuildTransferFunctionScriptingTraits (0ms)
			SetupTypeCache (409ms)
			ReleaseScriptCaches (1ms)
			RebuildScriptCaches (74ms)
			SetupLoadedEditorAssemblies (978ms)
				LogAssemblyErrors (0ms)
				InitializePlatformSupportModulesInManaged (8ms)
				SetLoadedEditorAssemblies (1ms)
				RefreshPlugins (1ms)
				BeforeProcessingInitializeOnLoad (94ms)
				ProcessInitializeOnLoadAttributes (832ms)
				ProcessInitializeOnLoadMethodAttributes (30ms)
				AfterProcessingInitializeOnLoad (11ms)
				EditorAssembliesLoaded (1ms)
			ExecutionOrderSort2 (0ms)
			AwakeInstancesAfterBackupRestoration (17ms)
Platform modules already initialized, skipping
========================================================================
Worker process is ready to serve import requests
Launched and connected shader compiler UnityShaderCompiler.exe after 0.05 seconds
Refreshing native plugins compatible for Editor in 0.70 ms, found 3 plugins.
Preloading 0 native plugins for Editor in 0.00 ms.
Unloading 3080 Unused Serialized files (Serialized files now loaded: 0)
Unloading 24 unused Assets / (46.8 KB). Loaded Objects now: 3540.
Memory consumption went from 111.0 MB to 110.9 MB.
Total: 8.287400 ms (FindLiveObjects: 0.536700 ms CreateObjectMapping: 0.382100 ms MarkObjects: 7.160400 ms  DeleteObjects: 0.206100 ms)

AssetImportParameters requested are different than current active one (requested -> active):
  custom:video-decoder-ogg-theora: a1e56fd34408186e4bbccfd4996cb3dc -> 
  custom:container-muxer-webm: aa71ff27fc2769a1b78a27578f13a17b -> 
  custom:container-demuxer-webm: 4f35f7cbe854078d1ac9338744f61a02 -> 
  custom:video-encoder-webm-vp8: eb34c28f22e8b96e1ab97ce403110664 -> 
  custom:CustomObjectIndexerAttribute: bc11b3a6c3213fcdd17b65e7da85e133 -> 
  custom:audio-encoder-webm-vorbis: bf7c407c2cedff20999df2af8eb42d56 -> 
  custom:framework-win-MediaFoundation: 216162199b28c13a410421893ffa2e32 -> 
  custom:SearchIndexIgnoredProperties: e643bd26f0fe6173181afceb89e7c659 -> 
  custom:container-demuxer-ogg: 62fdf1f143b41e24485cea50d1cbac27 -> 
  custom:video-decoder-webm-vp8: 9c59270c3fd7afecdb556c50c9e8de78 -> 
  custom:audio-decoder-ogg-vorbis: bf7c407c2cedff20999df2af8eb42d56 -> 
========================================================================
Received Import Request.
  Time since last request: 32791.218741 seconds.
  path: Assets
  artifactKey: Guid(00000000000000001000000000000000) Importer(815301076,1909f56bfc062723c751e8b465ee728b)
Number of updated assets reloaded before import = 0
Start importing Assets using Guid(00000000000000001000000000000000) Importer(815301076,1909f56bfc062723c751e8b465ee728b)  -> (artifact id: '242eb3f8ccddee1d20804eaa3e2360db') in 0.013730 seconds 
Number of asset objects unloaded after import = 0
========================================================================
Received Import Request.
  Time since last request: 263.117008 seconds.
  path: Assets/Comic Kings.otf
  artifactKey: Guid(49c10f549551a4b10a0612b07549c6b1) Importer(815301076,1909f56bfc062723c751e8b465ee728b)
Number of updated assets reloaded before import = 0
Start importing Assets/Comic Kings.otf using Guid(49c10f549551a4b10a0612b07549c6b1) Importer(815301076,1909f56bfc062723c751e8b465ee728b)  -> (artifact id: '4a547a9a30164a7f62b5b4d906ac3f17') in 0.186557 seconds 
Number of asset objects unloaded after import = 4
========================================================================
Received Import Request.
  Time since last request: 27.071819 seconds.
  path: Assets/Scenes
  artifactKey: Guid(d917cce2ae219b848ad32ead61772b29) Importer(815301076,1909f56bfc062723c751e8b465ee728b)
Number of updated assets reloaded before import = 0
Start importing Assets/Scenes using Guid(d917cce2ae219b848ad32ead61772b29) Importer(815301076,1909f56bfc062723c751e8b465ee728b)  -> (artifact id: '1290b3159e446701f1a22ddeb3744d6a') in 0.001847 seconds 
Number of asset objects unloaded after import = 0
========================================================================
Received Import Request.
  Time since last request: 6.236761 seconds.
  path: Assets/Resources
  artifactKey: Guid(b56e4eb49d52248ec9527534348fc6fe) Importer(815301076,1909f56bfc062723c751e8b465ee728b)
Number of updated assets reloaded before import = 0
Start importing Assets/Resources using Guid(b56e4eb49d52248ec9527534348fc6fe) Importer(815301076,1909f56bfc062723c751e8b465ee728b)  -> (artifact id: '1c9238cc4e1d6104c763fb24dc017871') in 0.001664 seconds 
Number of asset objects unloaded after import = 0
========================================================================
Received Import Request.
  Time since last request: 2.707225 seconds.
  path: Assets/Scenes/SampleScene.unity
  artifactKey: Guid(9fc0d4010bbf28b4594072e72b8655ab) Importer(815301076,1909f56bfc062723c751e8b465ee728b)
Number of updated assets reloaded before import = 0
Start importing Assets/Scenes/SampleScene.unity using Guid(9fc0d4010bbf28b4594072e72b8655ab) Importer(815301076,1909f56bfc062723c751e8b465ee728b)  -> (artifact id: 'edb37687e9a1c7232dd6508fac555077') in 0.001626 seconds 
Number of asset objects unloaded after import = 0
========================================================================
Received Import Request.
  Time since last request: 3.788704 seconds.
  path: Assets/prefab
  artifactKey: Guid(2834470d025754adf83efeae17112d71) Importer(815301076,1909f56bfc062723c751e8b465ee728b)
Number of updated assets reloaded before import = 0
Start importing Assets/prefab using Guid(2834470d025754adf83efeae17112d71) Importer(815301076,1909f56bfc062723c751e8b465ee728b)  -> (artifact id: 'a48f891049b6215fd000979b4538bf53') in 0.001653 seconds 
Number of asset objects unloaded after import = 0
========================================================================
Received Import Request.
  Time since last request: 0.040932 seconds.
  path: Assets/prefab/balls.prefab
  artifactKey: Guid(75e08bd38be0f4a1c81e9e3f45ff44d3) Importer(815301076,1909f56bfc062723c751e8b465ee728b)
Number of updated assets reloaded before import = 0
Start importing Assets/prefab/balls.prefab using Guid(75e08bd38be0f4a1c81e9e3f45ff44d3) Importer(815301076,1909f56bfc062723c751e8b465ee728b)  -> (artifact id: '25a23a2b79d5ef912f318d52a856923f') in 0.116320 seconds 
Number of asset objects unloaded after import = 181
========================================================================
Received Import Request.
  Time since last request: 0.000027 seconds.
  path: Assets/prefab/obstacle21.prefab
  artifactKey: Guid(eddb4c68790b947a99428b72d2ab8b28) Importer(815301076,1909f56bfc062723c751e8b465ee728b)
Number of updated assets reloaded before import = 0
Start importing Assets/prefab/obstacle21.prefab using Guid(eddb4c68790b947a99428b72d2ab8b28) Importer(815301076,1909f56bfc062723c751e8b465ee728b)  -> (artifact id: 'fdf02b1eff63f01afd7bf708e848257f') in 0.021521 seconds 
Number of asset objects unloaded after import = 55
========================================================================
Received Import Request.
  Time since last request: 0.000038 seconds.
  path: Assets/prefab/obstacle26.prefab
  artifactKey: Guid(44c591354f7d34b3f8e44127e93527f5) Importer(815301076,1909f56bfc062723c751e8b465ee728b)
Number of updated assets reloaded before import = 0
Start importing Assets/prefab/obstacle26.prefab using Guid(44c591354f7d34b3f8e44127e93527f5) Importer(815301076,1909f56bfc062723c751e8b465ee728b)  -> (artifact id: '469fcc9e30a9bba5bf5ff31c9912d8e0') in 0.015980 seconds 
Number of asset objects unloaded after import = 62
========================================================================
Received Import Request.
  Time since last request: 0.000025 seconds.
  path: Assets/prefab/Main Camera.prefab
  artifactKey: Guid(df2b6991dc3d24aa287eb32e6838a49d) Importer(815301076,1909f56bfc062723c751e8b465ee728b)
Number of updated assets reloaded before import = 0
Start importing Assets/prefab/Main Camera.prefab using Guid(df2b6991dc3d24aa287eb32e6838a49d) Importer(815301076,1909f56bfc062723c751e8b465ee728b)  -> (artifact id: '3317e40cb82a4cc921e4aecaab949078') in 0.035519 seconds 
Number of asset objects unloaded after import = 24
========================================================================
Received Import Request.
  Time since last request: 0.000024 seconds.
  path: Assets/prefab/Dbar.prefab
  artifactKey: Guid(19ed7b5d4a4d943ab846cb26f40fbfc5) Importer(815301076,1909f56bfc062723c751e8b465ee728b)
Number of updated assets reloaded before import = 0
Start importing Assets/prefab/Dbar.prefab using Guid(19ed7b5d4a4d943ab846cb26f40fbfc5) Importer(815301076,1909f56bfc062723c751e8b465ee728b)  -> (artifact id: '70ec33ecc4575fd06b9db3f271c6903b') in 0.009801 seconds 
Number of asset objects unloaded after import = 10
========================================================================
Received Import Request.
  Time since last request: 0.000019 seconds.
  path: Assets/prefab/UnityadsManager.prefab
  artifactKey: Guid(12a77edb1258d4f4181a41f38192851b) Importer(815301076,1909f56bfc062723c751e8b465ee728b)
Number of updated assets reloaded before import = 0
Start importing Assets/prefab/UnityadsManager.prefab using Guid(12a77edb1258d4f4181a41f38192851b) Importer(815301076,1909f56bfc062723c751e8b465ee728b)  -> (artifact id: '4f853a0a506222036ecb0fc442a2ba6c') in 0.003911 seconds 
Number of asset objects unloaded after import = 6
========================================================================
Received Import Request.
  Time since last request: 0.000023 seconds.
  path: Assets/prefab/obstacle25.prefab
  artifactKey: Guid(c4aef00ffaa04443aaac5f2298c1ee77) Importer(815301076,1909f56bfc062723c751e8b465ee728b)
Number of updated assets reloaded before import = 0
Start importing Assets/prefab/obstacle25.prefab using Guid(c4aef00ffaa04443aaac5f2298c1ee77) Importer(815301076,1909f56bfc062723c751e8b465ee728b)  -> (artifact id: '29366edd166f1b52c3691c325bc8885a') in 0.020402 seconds 
Number of asset objects unloaded after import = 74
========================================================================
Received Import Request.
  Time since last request: 0.000028 seconds.
  path: Assets/prefab/flame.mat
  artifactKey: Guid(97b565fa4102c4073b7f54603ad9adf0) Importer(815301076,1909f56bfc062723c751e8b465ee728b)
Number of updated assets reloaded before import = 0
Start importing Assets/prefab/flame.mat using Guid(97b565fa4102c4073b7f54603ad9adf0) Importer(815301076,1909f56bfc062723c751e8b465ee728b)  -> (artifact id: '2a65a273edf26457895d518e5f88e927') in 0.050589 seconds 
Number of asset objects unloaded after import = 2
========================================================================
Received Import Request.
  Time since last request: 0.000025 seconds.
  path: Assets/prefab/dbarD.prefab
  artifactKey: Guid(cebcc574c3fee4977b04722d18306d1e) Importer(815301076,1909f56bfc062723c751e8b465ee728b)
Number of updated assets reloaded before import = 0
Start importing Assets/prefab/dbarD.prefab using Guid(cebcc574c3fee4977b04722d18306d1e) Importer(815301076,1909f56bfc062723c751e8b465ee728b)  -> (artifact id: '377f6a6353d12c2538bac1c0c0b1bb19') in 0.009805 seconds 
Number of asset objects unloaded after import = 10
========================================================================
Received Import Request.
  Time since last request: 0.000025 seconds.
  path: Assets/prefab/flame2.prefab
  artifactKey: Guid(a489d033714b24f7b943d497d0461c1e) Importer(815301076,1909f56bfc062723c751e8b465ee728b)
Number of updated assets reloaded before import = 0
Start importing Assets/prefab/flame2.prefab using Guid(a489d033714b24f7b943d497d0461c1e) Importer(815301076,1909f56bfc062723c751e8b465ee728b)  -> (artifact id: 'e2fcc5758d9e3e0186b61863f3b1e0db') in 0.011188 seconds 
Number of asset objects unloaded after import = 10
========================================================================
Received Import Request.
  Time since last request: 0.000020 seconds.
  path: Assets/prefab/obstacle37.prefab
  artifactKey: Guid(468e3837f5b0a45fdb7e6b2ecc4bc73e) Importer(815301076,1909f56bfc062723c751e8b465ee728b)
Number of updated assets reloaded before import = 0
Start importing Assets/prefab/obstacle37.prefab using Guid(468e3837f5b0a45fdb7e6b2ecc4bc73e) Importer(815301076,1909f56bfc062723c751e8b465ee728b)  -> (artifact id: '0c0bf508dc335a37542493ae926d1c46') in 0.018598 seconds 
Number of asset objects unloaded after import = 70
========================================================================
Received Import Request.
  Time since last request: 0.000027 seconds.
  path: Assets/prefab/obstacle13.prefab
  artifactKey: Guid(d09962edbb04647bd89419df9525baa8) Importer(815301076,1909f56bfc062723c751e8b465ee728b)
Number of updated assets reloaded before import = 0
Start importing Assets/prefab/obstacle13.prefab using Guid(d09962edbb04647bd89419df9525baa8) Importer(815301076,1909f56bfc062723c751e8b465ee728b)  -> (artifact id: 'd3044843e0b4d0ae17bf52e49ed6baf2') in 0.018927 seconds 
Number of asset objects unloaded after import = 59
========================================================================
Received Import Request.
  Time since last request: 0.000029 seconds.
  path: Assets/prefab/obstacle20.prefab
  artifactKey: Guid(470b8815b6d384c169a776f5b1df23bf) Importer(815301076,1909f56bfc062723c751e8b465ee728b)
Number of updated assets reloaded before import = 0
Start importing Assets/prefab/obstacle20.prefab using Guid(470b8815b6d384c169a776f5b1df23bf) Importer(815301076,1909f56bfc062723c751e8b465ee728b)  -> (artifact id: 'ae859444bd5cacf58adfa8cba19af5b3') in 0.018617 seconds 
Number of asset objects unloaded after import = 61
========================================================================
Received Import Request.
  Time since last request: 0.000035 seconds.
  path: Assets/prefab/obstacle18.prefab
  artifactKey: Guid(24b016d057be7419e92c93ca0c989496) Importer(815301076,1909f56bfc062723c751e8b465ee728b)
Number of updated assets reloaded before import = 0
Start importing Assets/prefab/obstacle18.prefab using Guid(24b016d057be7419e92c93ca0c989496) Importer(815301076,1909f56bfc062723c751e8b465ee728b)  -> (artifact id: '5c4c30b6524deb4d0edf279829cb9463') in 0.016122 seconds 
Number of asset objects unloaded after import = 63
========================================================================
Received Import Request.
  Time since last request: 0.000026 seconds.
  path: Assets/prefab/obstacle15.prefab
  artifactKey: Guid(6c47c515c71f54921870512bbebfa314) Importer(815301076,1909f56bfc062723c751e8b465ee728b)
Number of updated assets reloaded before import = 0
Start importing Assets/prefab/obstacle15.prefab using Guid(6c47c515c71f54921870512bbebfa314) Importer(815301076,1909f56bfc062723c751e8b465ee728b)  -> (artifact id: 'cd6dac4933a334c6d895d8b8b915acb5') in 0.014600 seconds 
Number of asset objects unloaded after import = 63
========================================================================
Received Import Request.
  Time since last request: 0.000025 seconds.
  path: Assets/prefab/obstacle27.prefab
  artifactKey: Guid(941da29a9bda24aa7862854faae16796) Importer(815301076,1909f56bfc062723c751e8b465ee728b)
Number of updated assets reloaded before import = 0
Start importing Assets/prefab/obstacle27.prefab using Guid(941da29a9bda24aa7862854faae16796) Importer(815301076,1909f56bfc062723c751e8b465ee728b)  -> (artifact id: '84c0653653dcf2f7a9b2de567fa0e566') in 0.014520 seconds 
Number of asset objects unloaded after import = 72
========================================================================
Received Import Request.
  Time since last request: 0.000026 seconds.
  path: Assets/prefab/obstacle24.prefab
  artifactKey: Guid(8599bb6e977fe40f79e95751451c0564) Importer(815301076,1909f56bfc062723c751e8b465ee728b)
Number of updated assets reloaded before import = 0
Start importing Assets/prefab/obstacle24.prefab using Guid(8599bb6e977fe40f79e95751451c0564) Importer(815301076,1909f56bfc062723c751e8b465ee728b)  -> (artifact id: '849cb6415857b0273c81c2a239e02feb') in 0.015719 seconds 
Number of asset objects unloaded after import = 63
========================================================================
Received Import Request.
  Time since last request: 0.000021 seconds.
  path: Assets/prefab/obstacle4.prefab
  artifactKey: Guid(f95ba223d11004dcc81f7211aa02320f) Importer(815301076,1909f56bfc062723c751e8b465ee728b)
Number of updated assets reloaded before import = 0
Start importing Assets/prefab/obstacle4.prefab using Guid(f95ba223d11004dcc81f7211aa02320f) Importer(815301076,1909f56bfc062723c751e8b465ee728b)  -> (artifact id: 'fab4f0f55321d4ae343926fc55be706b') in 0.018277 seconds 
Number of asset objects unloaded after import = 68
========================================================================
Received Import Request.
  Time since last request: 0.000021 seconds.
  path: Assets/prefab/Dbar (5).prefab
  artifactKey: Guid(8d955c2df5d91436e89b6c5270e1db0d) Importer(815301076,1909f56bfc062723c751e8b465ee728b)
Number of updated assets reloaded before import = 0
Start importing Assets/prefab/Dbar (5).prefab using Guid(8d955c2df5d91436e89b6c5270e1db0d) Importer(815301076,1909f56bfc062723c751e8b465ee728b)  -> (artifact id: '574e45de959217fd0296952150363a92') in 0.008962 seconds 
Number of asset objects unloaded after import = 10
========================================================================
Received Import Request.
  Time since last request: 0.000020 seconds.
  path: Assets/prefab/obstacle2.prefab
  artifactKey: Guid(13060b87120bc46c49f79e4704202e2d) Importer(815301076,1909f56bfc062723c751e8b465ee728b)
Number of updated assets reloaded before import = 0
Start importing Assets/prefab/obstacle2.prefab using Guid(13060b87120bc46c49f79e4704202e2d) Importer(815301076,1909f56bfc062723c751e8b465ee728b)  -> (artifact id: '69b75be22822a696d680aed57df54563') in 0.013141 seconds 
Number of asset objects unloaded after import = 61
========================================================================
Received Import Request.
  Time since last request: 0.000023 seconds.
  path: Assets/prefab/obstacle12.prefab
  artifactKey: Guid(e87d410ec591d48fcbd7773fce28735d) Importer(815301076,1909f56bfc062723c751e8b465ee728b)
Number of updated assets reloaded before import = 0
Start importing Assets/prefab/obstacle12.prefab using Guid(e87d410ec591d48fcbd7773fce28735d) Importer(815301076,1909f56bfc062723c751e8b465ee728b)  -> (artifact id: '00ea18379c90301589c705a1a8a1000c') in 0.014860 seconds 
Number of asset objects unloaded after import = 59
========================================================================
Received Import Request.
  Time since last request: 0.000020 seconds.
  path: Assets/prefab/obstacle19.prefab
  artifactKey: Guid(8340d480a5493462186407221644c8bd) Importer(815301076,1909f56bfc062723c751e8b465ee728b)
Number of updated assets reloaded before import = 0
Start importing Assets/prefab/obstacle19.prefab using Guid(8340d480a5493462186407221644c8bd) Importer(815301076,1909f56bfc062723c751e8b465ee728b)  -> (artifact id: '6cc89bf1ab6674e9eb7535f92df2c868') in 0.015935 seconds 
Number of asset objects unloaded after import = 76
========================================================================
Received Import Request.
  Time since last request: 0.000023 seconds.
  path: Assets/prefab/obstacle30.prefab
  artifactKey: Guid(aca7933bbcc4042a6a04b7b5dd26b93c) Importer(815301076,1909f56bfc062723c751e8b465ee728b)
Number of updated assets reloaded before import = 0
Start importing Assets/prefab/obstacle30.prefab using Guid(aca7933bbcc4042a6a04b7b5dd26b93c) Importer(815301076,1909f56bfc062723c751e8b465ee728b)  -> (artifact id: 'aac0ac59453cfa5b11c8c6eeedc49512') in 0.015462 seconds 
Number of asset objects unloaded after import = 79
========================================================================
Received Import Request.
  Time since last request: 0.000017 seconds.
  path: Assets/prefab/dbard3.prefab
  artifactKey: Guid(5947a31c260b541cbb7eb6aa8b50cc3b) Importer(815301076,1909f56bfc062723c751e8b465ee728b)
Number of updated assets reloaded before import = 0
Start importing Assets/prefab/dbard3.prefab using Guid(5947a31c260b541cbb7eb6aa8b50cc3b) Importer(815301076,1909f56bfc062723c751e8b465ee728b)  -> (artifact id: '22cd0522fc6c3cf90238b967dad44321') in 0.007405 seconds 
Number of asset objects unloaded after import = 10
========================================================================
Received Import Request.
  Time since last request: 0.000021 seconds.
  path: Assets/prefab/Dbar(2).prefab
  artifactKey: Guid(65d22a57fcb3e487aa48411c72fe7aa6) Importer(815301076,1909f56bfc062723c751e8b465ee728b)
Number of updated assets reloaded before import = 0
Start importing Assets/prefab/Dbar(2).prefab using Guid(65d22a57fcb3e487aa48411c72fe7aa6) Importer(815301076,1909f56bfc062723c751e8b465ee728b)  -> (artifact id: 'a89d502c4a4487693f349f34f7e005e0') in 0.008981 seconds 
Number of asset objects unloaded after import = 10
========================================================================
Received Import Request.
  Time since last request: 0.000016 seconds.
  path: Assets/prefab/flame1.prefab
  artifactKey: Guid(df718c33dabcb4f609e3050ff94e46ca) Importer(815301076,1909f56bfc062723c751e8b465ee728b)
Number of updated assets reloaded before import = 0
Start importing Assets/prefab/flame1.prefab using Guid(df718c33dabcb4f609e3050ff94e46ca) Importer(815301076,1909f56bfc062723c751e8b465ee728b)  -> (artifact id: '23ae1f66262a038f98c0df227e04068d') in 0.011147 seconds 
Number of asset objects unloaded after import = 10
========================================================================
Received Import Request.
  Time since last request: 0.000021 seconds.
  path: Assets/prefab/obstacle14.prefab
  artifactKey: Guid(77cf8660881a54f75b36e285d8809164) Importer(815301076,1909f56bfc062723c751e8b465ee728b)
Number of updated assets reloaded before import = 0
Start importing Assets/prefab/obstacle14.prefab using Guid(77cf8660881a54f75b36e285d8809164) Importer(815301076,1909f56bfc062723c751e8b465ee728b)  -> (artifact id: '6ff9b71cd963290d24e5a988809aacdd') in 0.012940 seconds 
Number of asset objects unloaded after import = 62
========================================================================
Received Import Request.
  Time since last request: 0.000022 seconds.
  path: Assets/prefab/obstacle5.prefab
  artifactKey: Guid(c211c2e71213a429a97b1c1f600471d2) Importer(815301076,1909f56bfc062723c751e8b465ee728b)
Number of updated assets reloaded before import = 0
Start importing Assets/prefab/obstacle5.prefab using Guid(c211c2e71213a429a97b1c1f600471d2) Importer(815301076,1909f56bfc062723c751e8b465ee728b)  -> (artifact id: 'eee95572a8f51035278fcf3b553ed9d4') in 0.013730 seconds 
Number of asset objects unloaded after import = 76
========================================================================
Received Import Request.
  Time since last request: 0.000026 seconds.
  path: Assets/prefab/obstacle36.prefab
  artifactKey: Guid(8cf37339be4194336a7a629588cc6f18) Importer(815301076,1909f56bfc062723c751e8b465ee728b)
Number of updated assets reloaded before import = 0
Start importing Assets/prefab/obstacle36.prefab using Guid(8cf37339be4194336a7a629588cc6f18) Importer(815301076,1909f56bfc062723c751e8b465ee728b)  -> (artifact id: '2314e08bad5ddef237771246c43022a4') in 0.014161 seconds 
Number of asset objects unloaded after import = 74
========================================================================
Received Import Request.
  Time since last request: 0.000017 seconds.
  path: Assets/prefab/obstacle16.prefab
  artifactKey: Guid(1cc9bc850368741fb96d91d3ae23395f) Importer(815301076,1909f56bfc062723c751e8b465ee728b)
Number of updated assets reloaded before import = 0
Start importing Assets/prefab/obstacle16.prefab using Guid(1cc9bc850368741fb96d91d3ae23395f) Importer(815301076,1909f56bfc062723c751e8b465ee728b)  -> (artifact id: 'a802580665edd949856ac1ecf12348cb') in 0.013918 seconds 
Number of asset objects unloaded after import = 63
========================================================================
Received Import Request.
  Time since last request: 0.000017 seconds.
  path: Assets/prefab/obstacle6.prefab
  artifactKey: Guid(86d6e13749c4c4bd9a573077db59a392) Importer(815301076,1909f56bfc062723c751e8b465ee728b)
Number of updated assets reloaded before import = 0
Start importing Assets/prefab/obstacle6.prefab using Guid(86d6e13749c4c4bd9a573077db59a392) Importer(815301076,1909f56bfc062723c751e8b465ee728b)  -> (artifact id: '4b6e3c049e5324df31c89c383a0b7b78') in 0.013902 seconds 
Number of asset objects unloaded after import = 77
========================================================================
Received Import Request.
  Time since last request: 0.000025 seconds.
  path: Assets/prefab/obstacle38.prefab
  artifactKey: Guid(c9f1840ed081a46aa95b23965f4f3d20) Importer(815301076,1909f56bfc062723c751e8b465ee728b)
Number of updated assets reloaded before import = 0
Start importing Assets/prefab/obstacle38.prefab using Guid(c9f1840ed081a46aa95b23965f4f3d20) Importer(815301076,1909f56bfc062723c751e8b465ee728b)  -> (artifact id: '95e13207f72830f288a362a6410094b6') in 0.014523 seconds 
Number of asset objects unloaded after import = 72
Editor requested this worker to shutdown with reason: Scaling down because of idle timeout
AssetImportWorker is now disconnected from the server
Process exiting
Exiting without the bug reporter. Application will terminate with return code 0